{"level":"error","message":"not register"}
{"message":"Not registered","level":"error"}
{"level":"error","message":"not register"}
{"message":"Not registered","level":"error"}
{"message":"not valid email","level":"error"}
{"message":"not valid email","level":"error"}
{"message":"not valid email","level":"error"}
{"message":"not valid email","level":"error"}
{"message":"not valid email","level":"error"}
{"message":"not valid email","level":"error"}
{"message":"not valid email","level":"error"}
{"message":"not valid email","level":"error"}
{"message":"not valid email","level":"error"}
{"message":"not valid email","level":"error"}
{"message":"not valid email","level":"error"}
{"message":"not valid email","level":"error"}
{"message":"not valid email","level":"error"}
{"message":"not valid email","level":"error"}
{"message":"not valid email","level":"error"}
{"message":"not valid email","level":"error"}
{"message":"registration successfully","level":"info"}
{"level":"error","message":"not register"}
{"message":"Not registered","level":"error"}
{"level":"error","message":"not register"}
{"message":"Not registered","level":"error"}
{"level":"error","message":"not register"}
{"message":"Not registered","level":"error"}
{"level":"error","message":"not register"}
{"message":"Not registered","level":"error"}
{"level":"error","message":"not register"}
{"message":"Not registered","level":"error"}
{"level":"error","message":"not register"}
{"message":"Not registered","level":"error"}
{"level":"error","message":"not register"}
{"message":"Not registered","level":"error"}
{"level":"error","message":"not register"}
{"message":"Not registered","level":"error"}
{"level":"error","message":"not register"}
{"message":"Not registered","level":"error"}
{"level":"error","message":"not register"}
{"message":"Not registered","level":"error"}
{"level":"error","message":"not register"}
{"message":"Not registered","level":"error"}
{"level":"error","message":"not register"}
{"message":"Not registered","level":"error"}
{"level":"error","message":"not register"}
{"message":"Not registered","level":"error"}
{"level":"error","message":"not register"}
{"message":"Not registered","level":"error"}
{"level":"error","message":"not register"}
{"message":"Not registered","level":"error"}
{"level":"error","message":"not register"}
{"message":"Not registered","level":"error"}
{"level":"error","message":"not register"}
{"message":"Not registered","level":"error"}
{"level":"error","message":"not register"}
{"message":"Not registered","level":"error"}
{"level":"error","message":"not register"}
{"message":"Not registered","level":"error"}
{"level":"error","message":"not register"}
{"message":"Not registered","level":"error"}
{"message":"email verification successfully","level":"info"}
{"level":"error","message":"not register"}
{"message":"Not registered","level":"error"}
{"level":"error","message":"not register"}
{"message":"Not registered","level":"error"}
{"level":"error","message":"not register"}
{"message":"Not registered","level":"error"}
{"level":"error","message":"not register"}
{"message":"Not registered","level":"error"}
{"level":"error","message":"not register"}
{"message":"Not registered","level":"error"}
{"level":"error","message":"not register"}
{"message":"Not registered","level":"error"}
{"level":"error","message":"not register"}
{"message":"Not registered","level":"error"}
{"level":"error","message":"not register"}
{"message":"Not registered","level":"error"}
{"message":"email already exists","level":"error"}
{"level":"info","message":"login successfully"}
{"level":"info","message":"login successfully"}
{"message":"login successfully","level":"info"}
{"message":"login successfully","level":"info"}
{"message":"login successfully","level":"info"}
